optseq2
$Id: optseq2.c,v 2.22 2011/04/21 19:48:51 greve Exp $
NoSearch  = 0
nSearch  = 10000
nKeep    = 1
PctUpdate  = 10.000000
nCB1Opt  = 0
seed     = 467911
Ntp  = 330
TR   = 1
TPreScan   = 0
PSD Window   = 0 18 1
nEvTypes = 1
EvNo    Label Duration nRepsNom
 1       evt1  2.000   48
PctVarEvReps = 0
VarEvRepsPerCond = 0
PolyOrder = -1
tNullMax = 10
tNullMin = 2
AR1 = 0
No refractory penalty
Cost = eff
OutStem = search
Summary File = search.sum

Pct nSrch MinSrch Cost Eff Cb1Err VRFAvg VRFStd VRFMin VRFMax VRFRange nSince

BeginUpdateLog
 0       1     0.0   1.84066  1.84066  0.0208  33.189  1.42938  31.2431  35.6462  4.40311 811 0
 0       2     0.0   1.84066  1.84066  0.0208  33.189  1.42938  31.2431  35.6462  4.40311 811 0
 0       2     0.0   1.86853  1.86853  0.0208  33.675  1.21461  31.7397  36.0485  4.30881 778 0
 0       4     0.0   1.86853  1.86853  0.0208  33.675  1.21461  31.7397  36.0485  4.30881 778 1
 0       4     0.0   1.92777  1.92777  0.0208  34.7324  1.0917  32.4353  36.8704  4.43512 879 0
 0       6     0.0   1.92777  1.92777  0.0208  34.7324  1.0917  32.4353  36.8704  4.43512 879 1
 0       6     0.0   1.93452  1.93452  0.0208  34.8599  1.19679  33.1027  36.9029  3.80019 980 0
 0       9     0.0   1.93452  1.93452  0.0208  34.8599  1.19679  33.1027  36.9029  3.80019 980 2
 0       9     0.0   1.95409  1.95409  0.0208  35.2008  1.00755  33.552  37.2993  3.74733 910 0
 0      16     0.0   1.95409  1.95409  0.0208  35.2008  1.00755  33.552  37.2993  3.74733 910 6
 0      16     0.0   1.95633  1.95633  0.0208  35.261  1.34095  33.6177  37.7437  4.12604 907 0
 0      18     0.0   1.95633  1.95633  0.0208  35.261  1.34095  33.6177  37.7437  4.12604 907 1
 0      18     0.0   1.97919  1.97919  0.0208  35.6437  0.836941  34.5429  37.3795  2.83661 883 0
 0      25     0.0   1.97919  1.97919  0.0208  35.6437  0.836941  34.5429  37.3795  2.83661 883 6
 0      25     0.0   2.02033  2.02033  0.0208  36.382  0.790048  35.2526  38.083  2.8304 850 0
 0      33     0.0   2.02033  2.02033  0.0208  36.382  0.790048  35.2526  38.083  2.8304 850 7
 0      33     0.0   2.02218  2.02218  0.0208  36.4175  0.835809  34.8311  38.1296  3.29856 784 0
 1     153     0.0   2.02218  2.02218  0.0208  36.4175  0.835809  34.8311  38.1296  3.29856 784 119
 1     153     0.0   2.02797  2.02797  0.0208  36.5207  0.818442  35.3679  38.0464  2.67848 904 0
 3     330     0.0   2.02797  2.02797  0.0208  36.5207  0.818442  35.3679  38.0464  2.67848 904 176
 3     330     0.0   2.03887  2.03887  0.0208  36.7086  0.588897  35.5005  37.7713  2.27085 806 0
 4     462     0.0   2.03887  2.03887  0.0208  36.7086  0.588897  35.5005  37.7713  2.27085 806 131
 4     462     0.0   2.04433  2.04433  0.0208  36.8174  0.867452  35.0558  38.6949  3.63909 710 0
 5     531     0.0   2.04433  2.04433  0.0208  36.8174  0.867452  35.0558  38.6949  3.63909 710 68
 5     531     0.0   2.05416  2.05416  0.0208  36.9894  0.75998  35.8881  38.7605  2.87231 753 0
11    1100     0.1   2.05416  2.05416  0.0208  36.9894  0.75998  35.8881  38.7605  2.87231 753 569
22    2200     0.1   2.05416  2.05416  0.0208  36.9894  0.75998  35.8881  38.7605  2.87231 753 1669
33    3300     0.2   2.05416  2.05416  0.0208  36.9894  0.75998  35.8881  38.7605  2.87231 753 2769
44    4400     0.2   2.05416  2.05416  0.0208  36.9894  0.75998  35.8881  38.7605  2.87231 753 3869
55    5500     0.3   2.05416  2.05416  0.0208  36.9894  0.75998  35.8881  38.7605  2.87231 753 4969
66    6600     0.3   2.05416  2.05416  0.0208  36.9894  0.75998  35.8881  38.7605  2.87231 753 6069
77    7700     0.4   2.05416  2.05416  0.0208  36.9894  0.75998  35.8881  38.7605  2.87231 753 7169
85    8561     0.4   2.05416  2.05416  0.0208  36.9894  0.75998  35.8881  38.7605  2.87231 753 8029
85    8561     0.4   2.05927  2.05927  0.0208  37.0708  0.391021  36.2936  38.0354  1.74181 844 0
88    8800     0.4   2.05927  2.05927  0.0208  37.0708  0.391021  36.2936  38.0354  1.74181 844 239
99    9900     0.5   2.05927  2.05927  0.0208  37.0708  0.391021  36.2936  38.0354  1.74181 844 1339
100   10000     0.5   2.05927  2.05927  0.0208  37.0708  0.391021  36.2936  38.0354  1.74181 844 1439
EndUpdateLog

Done
